TN:
SF:/Users/ygpatel/yogular/query-creator/src/rzslider.js
FN:11,(anonymous_1)
FN:32,(anonymous_2)
FN:36,(anonymous_3)
FN:101,(anonymous_4)
FN:105,(anonymous_5)
FN:112,(anonymous_6)
FN:123,(anonymous_7)
FN:126,(anonymous_8)
FN:133,(anonymous_9)
FN:139,(anonymous_10)
FN:158,(anonymous_11)
FN:168,(anonymous_12)
FN:348,(anonymous_13)
FN:352,(anonymous_14)
FN:380,(anonymous_15)
FN:384,(anonymous_16)
FN:388,(anonymous_17)
FN:399,(anonymous_18)
FN:409,(anonymous_19)
FN:417,(anonymous_20)
FN:430,(anonymous_21)
FN:437,(anonymous_22)
FN:461,(anonymous_23)
FN:472,(anonymous_24)
FN:483,(anonymous_25)
FN:492,(anonymous_26)
FN:503,(anonymous_27)
FN:517,(anonymous_28)
FN:534,(anonymous_29)
FN:548,(anonymous_30)
FN:581,(anonymous_31)
FN:597,(anonymous_32)
FN:606,(anonymous_33)
FN:613,(anonymous_34)
FN:626,(anonymous_35)
FN:639,(anonymous_36)
FN:653,(anonymous_37)
FN:655,(anonymous_38)
FN:707,(anonymous_39)
FN:736,(anonymous_40)
FN:749,(anonymous_41)
FN:761,(anonymous_42)
FN:774,(anonymous_43)
FN:786,(anonymous_44)
FN:811,(anonymous_45)
FN:850,(anonymous_46)
FN:890,(anonymous_47)
FN:914,(anonymous_48)
FN:938,(anonymous_49)
FN:954,(anonymous_50)
FN:965,(anonymous_51)
FN:975,(anonymous_52)
FN:1013,(anonymous_53)
FN:1024,(anonymous_54)
FN:1050,(anonymous_55)
FN:1062,(anonymous_56)
FN:1075,(anonymous_57)
FN:1095,(anonymous_58)
FN:1116,(anonymous_59)
FN:1139,(anonymous_60)
FN:1161,(anonymous_61)
FN:1209,(anonymous_62)
FN:1220,(anonymous_63)
FN:1236,(anonymous_64)
FN:1282,(anonymous_65)
FN:1292,(anonymous_66)
FN:1303,(anonymous_67)
FN:1312,(anonymous_68)
FN:1361,(anonymous_69)
FN:1375,(anonymous_70)
FN:1389,(anonymous_71)
FN:1401,(anonymous_72)
FN:1418,(anonymous_73)
FN:1432,(anonymous_74)
FN:1448,(anonymous_75)
FN:1462,(anonymous_76)
FN:1472,(anonymous_77)
FN:1486,(anonymous_78)
FN:1491,(anonymous_79)
FN:1505,(anonymous_80)
FN:1517,(anonymous_81)
FN:1521,(anonymous_82)
FN:1535,(anonymous_83)
FN:1552,(anonymous_84)
FN:1569,(anonymous_85)
FN:1592,(anonymous_86)
FN:1616,(anonymous_87)
FN:1626,(anonymous_88)
FN:1693,(anonymous_89)
FN:1709,(anonymous_90)
FN:1748,(anonymous_91)
FN:1775,(anonymous_92)
FN:1789,(anonymous_93)
FN:1793,(anonymous_94)
FN:1807,(anonymous_95)
FN:1812,(anonymous_96)
FN:1827,(anonymous_97)
FN:1857,(anonymous_98)
FN:1882,(anonymous_99)
FN:1920,(anonymous_100)
FN:1945,(anonymous_101)
FN:1986,(anonymous_102)
FN:2030,(anonymous_103)
FN:2056,(anonymous_104)
FN:2116,(anonymous_105)
FN:2124,(anonymous_106)
FN:2146,(anonymous_107)
FN:2187,(anonymous_108)
FN:2200,(anonymous_109)
FN:2204,(anonymous_110)
FN:2216,(anonymous_111)
FN:2220,(anonymous_112)
FN:2232,(anonymous_113)
FN:2236,(anonymous_114)
FN:2247,(anonymous_115)
FN:2267,(anonymous_116)
FN:2272,(anonymous_117)
FNF:117
FNH:3
FNDA:1,(anonymous_1)
FNDA:1,(anonymous_2)
FNDA:0,(anonymous_3)
FNDA:0,(anonymous_4)
FNDA:0,(anonymous_5)
FNDA:0,(anonymous_6)
FNDA:0,(anonymous_7)
FNDA:0,(anonymous_8)
FNDA:0,(anonymous_9)
FNDA:0,(anonymous_10)
FNDA:0,(anonymous_11)
FNDA:0,(anonymous_12)
FNDA:0,(anonymous_13)
FNDA:0,(anonymous_14)
FNDA:0,(anonymous_15)
FNDA:0,(anonymous_16)
FNDA:0,(anonymous_17)
FNDA:0,(anonymous_18)
FNDA:0,(anonymous_19)
FNDA:0,(anonymous_20)
FNDA:0,(anonymous_21)
FNDA:0,(anonymous_22)
FNDA:0,(anonymous_23)
FNDA:0,(anonymous_24)
FNDA:0,(anonymous_25)
FNDA:0,(anonymous_26)
FNDA:0,(anonymous_27)
FNDA:0,(anonymous_28)
FNDA:0,(anonymous_29)
FNDA:0,(anonymous_30)
FNDA:0,(anonymous_31)
FNDA:0,(anonymous_32)
FNDA:0,(anonymous_33)
FNDA:0,(anonymous_34)
FNDA:0,(anonymous_35)
FNDA:0,(anonymous_36)
FNDA:0,(anonymous_37)
FNDA:0,(anonymous_38)
FNDA:0,(anonymous_39)
FNDA:0,(anonymous_40)
FNDA:0,(anonymous_41)
FNDA:0,(anonymous_42)
FNDA:0,(anonymous_43)
FNDA:0,(anonymous_44)
FNDA:0,(anonymous_45)
FNDA:0,(anonymous_46)
FNDA:0,(anonymous_47)
FNDA:0,(anonymous_48)
FNDA:0,(anonymous_49)
FNDA:0,(anonymous_50)
FNDA:0,(anonymous_51)
FNDA:0,(anonymous_52)
FNDA:0,(anonymous_53)
FNDA:0,(anonymous_54)
FNDA:0,(anonymous_55)
FNDA:0,(anonymous_56)
FNDA:0,(anonymous_57)
FNDA:0,(anonymous_58)
FNDA:0,(anonymous_59)
FNDA:0,(anonymous_60)
FNDA:0,(anonymous_61)
FNDA:0,(anonymous_62)
FNDA:0,(anonymous_63)
FNDA:0,(anonymous_64)
FNDA:0,(anonymous_65)
FNDA:0,(anonymous_66)
FNDA:0,(anonymous_67)
FNDA:0,(anonymous_68)
FNDA:0,(anonymous_69)
FNDA:0,(anonymous_70)
FNDA:0,(anonymous_71)
FNDA:0,(anonymous_72)
FNDA:0,(anonymous_73)
FNDA:0,(anonymous_74)
FNDA:0,(anonymous_75)
FNDA:0,(anonymous_76)
FNDA:0,(anonymous_77)
FNDA:0,(anonymous_78)
FNDA:0,(anonymous_79)
FNDA:0,(anonymous_80)
FNDA:0,(anonymous_81)
FNDA:0,(anonymous_82)
FNDA:0,(anonymous_83)
FNDA:0,(anonymous_84)
FNDA:0,(anonymous_85)
FNDA:0,(anonymous_86)
FNDA:0,(anonymous_87)
FNDA:0,(anonymous_88)
FNDA:0,(anonymous_89)
FNDA:0,(anonymous_90)
FNDA:0,(anonymous_91)
FNDA:0,(anonymous_92)
FNDA:0,(anonymous_93)
FNDA:0,(anonymous_94)
FNDA:0,(anonymous_95)
FNDA:0,(anonymous_96)
FNDA:0,(anonymous_97)
FNDA:0,(anonymous_98)
FNDA:0,(anonymous_99)
FNDA:0,(anonymous_100)
FNDA:0,(anonymous_101)
FNDA:0,(anonymous_102)
FNDA:0,(anonymous_103)
FNDA:0,(anonymous_104)
FNDA:0,(anonymous_105)
FNDA:0,(anonymous_106)
FNDA:0,(anonymous_107)
FNDA:0,(anonymous_108)
FNDA:0,(anonymous_109)
FNDA:0,(anonymous_110)
FNDA:0,(anonymous_111)
FNDA:0,(anonymous_112)
FNDA:0,(anonymous_113)
FNDA:0,(anonymous_114)
FNDA:0,(anonymous_115)
FNDA:0,(anonymous_116)
FNDA:0,(anonymous_117)
DA:11,1
DA:14,1
DA:16,1
DA:17,1
DA:22,1
DA:23,1
DA:24,1
DA:26,1
DA:29,1
DA:34,1
DA:37,0
DA:89,0
DA:91,0
DA:101,0
DA:102,0
DA:105,0
DA:106,0
DA:109,0
DA:123,0
DA:126,1
DA:127,1
DA:129,0
DA:130,0
DA:131,0
DA:132,0
DA:133,0
DA:134,0
DA:135,0
DA:136,0
DA:137,0
DA:139,0
DA:140,0
DA:141,0
DA:142,0
DA:143,0
DA:144,0
DA:145,0
DA:146,0
DA:147,0
DA:148,0
DA:149,0
DA:150,0
DA:151,0
DA:153,0
DA:168,0
DA:174,0
DA:180,0
DA:186,0
DA:193,0
DA:200,0
DA:207,0
DA:220,0
DA:226,0
DA:233,0
DA:240,0
DA:247,0
DA:254,0
DA:261,0
DA:268,0
DA:275,0
DA:283,0
DA:291,0
DA:298,0
DA:305,0
DA:311,0
DA:317,0
DA:322,0
DA:325,0
DA:326,0
DA:327,0
DA:328,0
DA:329,0
DA:330,0
DA:331,0
DA:332,0
DA:333,0
DA:334,0
DA:337,0
DA:341,0
DA:349,0
DA:352,0
DA:353,0
DA:356,0
DA:357,0
DA:358,0
DA:359,0
DA:360,0
DA:361,0
DA:362,0
DA:363,0
DA:364,0
DA:365,0
DA:366,0
DA:367,0
DA:368,0
DA:369,0
DA:372,0
DA:375,0
DA:377,0
DA:380,0
DA:381,0
DA:384,0
DA:385,0
DA:388,0
DA:389,0
DA:390,0
DA:391,0
DA:392,0
DA:394,0
DA:399,0
DA:400,0
DA:401,0
DA:402,0
DA:403,0
DA:404,0
DA:405,0
DA:406,0
DA:409,0
DA:410,0
DA:411,0
DA:412,0
DA:413,0
DA:414,0
DA:417,0
DA:418,0
DA:419,0
DA:420,0
DA:421,0
DA:422,0
DA:423,0
DA:424,0
DA:425,0
DA:426,0
DA:430,0
DA:431,0
DA:432,0
DA:433,0
DA:438,0
DA:439,0
DA:440,0
DA:441,0
DA:442,0
DA:443,0
DA:445,0
DA:446,0
DA:447,0
DA:448,0
DA:451,0
DA:452,0
DA:453,0
DA:454,0
DA:458,0
DA:462,0
DA:463,0
DA:464,0
DA:466,0
DA:469,0
DA:473,0
DA:474,0
DA:475,0
DA:477,0
DA:480,0
DA:484,0
DA:485,0
DA:486,0
DA:487,0
DA:488,0
DA:489,0
DA:493,0
DA:494,0
DA:495,0
DA:497,0
DA:500,0
DA:504,0
DA:505,0
DA:506,0
DA:508,0
DA:511,0
DA:518,0
DA:519,0
DA:520,0
DA:521,0
DA:522,0
DA:523,0
DA:524,0
DA:525,0
DA:526,0
DA:527,0
DA:535,0
DA:536,0
DA:537,0
DA:538,0
DA:539,0
DA:540,0
DA:541,0
DA:542,0
DA:549,0
DA:550,0
DA:551,0
DA:553,0
DA:555,0
DA:557,0
DA:558,0
DA:560,0
DA:561,0
DA:562,0
DA:563,0
DA:564,0
DA:567,0
DA:568,0
DA:569,0
DA:570,0
DA:572,0
DA:575,0
DA:576,0
DA:578,0
DA:579,0
DA:581,0
DA:582,0
DA:585,0
DA:588,0
DA:589,0
DA:590,0
DA:593,0
DA:594,0
DA:598,0
DA:599,0
DA:600,0
DA:602,0
DA:603,0
DA:606,0
DA:607,0
DA:608,0
DA:609,0
DA:613,0
DA:614,0
DA:615,0
DA:616,0
DA:617,0
DA:627,0
DA:628,0
DA:629,0
DA:630,0
DA:631,0
DA:632,0
DA:633,0
DA:634,0
DA:635,0
DA:636,0
DA:640,0
DA:641,0
DA:642,0
DA:655,0
DA:656,0
DA:658,0
DA:660,0
DA:661,0
DA:663,0
DA:664,0
DA:666,0
DA:667,0
DA:669,0
DA:670,0
DA:672,0
DA:673,0
DA:675,0
DA:676,0
DA:678,0
DA:679,0
DA:681,0
DA:682,0
DA:684,0
DA:685,0
DA:687,0
DA:688,0
DA:694,0
DA:695,0
DA:696,0
DA:697,0
DA:698,0
DA:699,0
DA:700,0
DA:701,0
DA:709,0
DA:710,0
DA:712,0
DA:715,0
DA:716,0
DA:718,0
DA:719,0
DA:720,0
DA:721,0
DA:722,0
DA:724,0
DA:725,0
DA:727,0
DA:728,0
DA:730,0
DA:732,0
DA:733,0
DA:737,0
DA:738,0
DA:739,0
DA:741,0
DA:750,0
DA:751,0
DA:753,0
DA:762,0
DA:763,0
DA:765,0
DA:775,0
DA:776,0
DA:787,0
DA:793,0
DA:794,0
DA:795,0
DA:796,0
DA:797,0
DA:799,0
DA:812,0
DA:814,0
DA:818,0
DA:819,0
DA:820,0
DA:821,0
DA:824,0
DA:827,0
DA:828,0
DA:829,0
DA:832,0
DA:833,0
DA:837,0
DA:840,0
DA:841,0
DA:852,0
DA:853,0
DA:855,0
DA:856,0
DA:857,0
DA:859,0
DA:860,0
DA:861,0
DA:862,0
DA:865,0
DA:866,0
DA:868,0
DA:870,0
DA:871,0
DA:872,0
DA:873,0
DA:876,0
DA:877,0
DA:878,0
DA:880,0
DA:891,0
DA:892,0
DA:893,0
DA:894,0
DA:896,0
DA:897,0
DA:898,0
DA:900,0
DA:901,0
DA:902,0
DA:903,0
DA:905,0
DA:906,0
DA:907,0
DA:915,0
DA:921,0
DA:922,0
DA:939,0
DA:941,0
DA:942,0
DA:944,0
DA:946,0
DA:947,0
DA:949,0
DA:950,0
DA:951,0
DA:952,0
DA:953,0
DA:954,0
DA:955,0
DA:966,0
DA:968,0
DA:972,0
DA:973,0
DA:975,0
DA:976,0
DA:978,0
DA:979,0
DA:981,0
DA:987,0
DA:988,0
DA:990,0
DA:991,0
DA:993,0
DA:994,0
DA:995,0
DA:997,0
DA:998,0
DA:999,0
DA:1000,0
DA:1001,0
DA:1004,0
DA:1005,0
DA:1006,0
DA:1007,0
DA:1009,0
DA:1014,0
DA:1016,0
DA:1017,0
DA:1018,0
DA:1019,0
DA:1021,0
DA:1025,0
DA:1026,0
DA:1027,0
DA:1028,0
DA:1029,0
DA:1030,0
DA:1031,0
DA:1033,0
DA:1034,0
DA:1035,0
DA:1037,0
DA:1038,0
DA:1040,0
DA:1041,0
DA:1042,0
DA:1051,0
DA:1052,0
DA:1053,0
DA:1054,0
DA:1063,0
DA:1064,0
DA:1065,0
DA:1066,0
DA:1076,0
DA:1077,0
DA:1079,0
DA:1081,0
DA:1082,0
DA:1083,0
DA:1084,0
DA:1096,0
DA:1100,0
DA:1101,0
DA:1103,0
DA:1104,0
DA:1106,0
DA:1117,0
DA:1118,0
DA:1119,0
DA:1121,0
DA:1122,0
DA:1123,0
DA:1128,0
DA:1129,0
DA:1140,0
DA:1141,0
DA:1142,0
DA:1144,0
DA:1145,0
DA:1146,0
DA:1150,0
DA:1151,0
DA:1163,0
DA:1164,0
DA:1166,0
DA:1174,0
DA:1175,0
DA:1176,0
DA:1178,0
DA:1179,0
DA:1182,0
DA:1183,0
DA:1184,0
DA:1186,0
DA:1187,0
DA:1190,0
DA:1191,0
DA:1192,0
DA:1194,0
DA:1195,0
DA:1196,0
DA:1197,0
DA:1201,0
DA:1202,0
DA:1203,0
DA:1204,0
DA:1210,0
DA:1215,0
DA:1221,0
DA:1226,0
DA:1237,0
DA:1242,0
DA:1243,0
DA:1244,0
DA:1247,0
DA:1248,0
DA:1251,0
DA:1252,0
DA:1253,0
DA:1256,0
DA:1257,0
DA:1260,0
DA:1261,0
DA:1262,0
DA:1264,0
DA:1265,0
DA:1268,0
DA:1269,0
DA:1270,0
DA:1271,0
DA:1272,0
DA:1283,0
DA:1284,0
DA:1285,0
DA:1293,0
DA:1294,0
DA:1296,0
DA:1304,0
DA:1313,0
DA:1314,0
DA:1315,0
DA:1317,0
DA:1320,0
DA:1321,0
DA:1324,0
DA:1325,0
DA:1327,0
DA:1330,0
DA:1331,0
DA:1339,0
DA:1340,0
DA:1341,0
DA:1342,0
DA:1343,0
DA:1345,0
DA:1346,0
DA:1347,0
DA:1348,0
DA:1350,0
DA:1351,0
DA:1362,0
DA:1363,0
DA:1365,0
DA:1376,0
DA:1378,0
DA:1379,0
DA:1380,0
DA:1390,0
DA:1402,0
DA:1403,0
DA:1406,0
DA:1419,0
DA:1420,0
DA:1421,0
DA:1422,0
DA:1423,0
DA:1433,0
DA:1434,0
DA:1435,0
DA:1437,0
DA:1438,0
DA:1449,0
DA:1450,0
DA:1451,0
DA:1452,0
DA:1453,0
DA:1463,0
DA:1473,0
DA:1474,0
DA:1475,0
DA:1476,0
DA:1477,0
DA:1479,0
DA:1480,0
DA:1481,0
DA:1482,0
DA:1483,0
DA:1487,0
DA:1488,0
DA:1492,0
DA:1493,0
DA:1494,0
DA:1495,0
DA:1496,0
DA:1506,0
DA:1507,0
DA:1508,0
DA:1509,0
DA:1510,0
DA:1511,0
DA:1512,0
DA:1513,0
DA:1514,0
DA:1518,0
DA:1522,0
DA:1523,0
DA:1524,0
DA:1525,0
DA:1538,0
DA:1539,0
DA:1540,0
DA:1543,0
DA:1553,0
DA:1555,0
DA:1556,0
DA:1558,0
DA:1559,0
DA:1570,0
DA:1575,0
DA:1576,0
DA:1577,0
DA:1579,0
DA:1580,0
DA:1583,0
DA:1593,0
DA:1594,0
DA:1596,0
DA:1599,0
DA:1600,0
DA:1601,0
DA:1602,0
DA:1603,0
DA:1605,0
DA:1608,0
DA:1617,0
DA:1618,0
DA:1627,0
DA:1629,0
DA:1630,0
DA:1631,0
DA:1632,0
DA:1634,0
DA:1635,0
DA:1636,0
DA:1639,0
DA:1640,0
DA:1641,0
DA:1644,0
DA:1645,0
DA:1646,0
DA:1648,0
DA:1649,0
DA:1650,0
DA:1652,0
DA:1653,0
DA:1654,0
DA:1655,0
DA:1656,0
DA:1660,0
DA:1661,0
DA:1662,0
DA:1664,0
DA:1665,0
DA:1666,0
DA:1668,0
DA:1669,0
DA:1670,0
DA:1672,0
DA:1673,0
DA:1674,0
DA:1675,0
DA:1676,0
DA:1680,0
DA:1681,0
DA:1682,0
DA:1683,0
DA:1694,0
DA:1695,0
DA:1696,0
DA:1697,0
DA:1698,0
DA:1710,0
DA:1713,0
DA:1714,0
DA:1718,0
DA:1720,0
DA:1721,0
DA:1723,0
DA:1724,0
DA:1727,0
DA:1729,0
DA:1730,0
DA:1732,0
DA:1733,0
DA:1735,0
DA:1736,0
DA:1737,0
DA:1749,0
DA:1754,0
DA:1755,0
DA:1756,0
DA:1757,0
DA:1759,0
DA:1760,0
DA:1761,0
DA:1763,0
DA:1765,0
DA:1776,0
DA:1778,0
DA:1779,0
DA:1780,0
DA:1781,0
DA:1783,0
DA:1785,0
DA:1786,0
DA:1790,0
DA:1794,0
DA:1795,0
DA:1796,0
DA:1797,0
DA:1798,0
DA:1799,0
DA:1801,0
DA:1808,0
DA:1809,0
DA:1813,0
DA:1814,0
DA:1815,0
DA:1816,0
DA:1817,0
DA:1828,0
DA:1834,0
DA:1845,0
DA:1846,0
DA:1847,0
DA:1849,0
DA:1850,0
DA:1851,0
DA:1854,0
DA:1858,0
DA:1873,0
DA:1874,0
DA:1876,0
DA:1877,0
DA:1878,0
DA:1881,0
DA:1882,0
DA:1883,0
DA:1884,0
DA:1885,0
DA:1888,0
DA:1890,0
DA:1891,0
DA:1892,0
DA:1893,0
DA:1894,0
DA:1895,0
DA:1898,0
DA:1899,0
DA:1900,0
DA:1901,0
DA:1902,0
DA:1905,0
DA:1921,0
DA:1922,0
DA:1930,0
DA:1946,0
DA:1949,0
DA:1950,0
DA:1951,0
DA:1952,0
DA:1954,0
DA:1957,0
DA:1960,0
DA:1961,0
DA:1962,0
DA:1964,0
DA:1967,0
DA:1968,0
DA:1970,0
DA:1974,0
DA:1987,0
DA:1993,0
DA:1994,0
DA:1995,0
DA:1996,0
DA:1997,0
DA:1999,0
DA:2000,0
DA:2001,0
DA:2002,0
DA:2004,0
DA:2005,0
DA:2007,0
DA:2008,0
DA:2009,0
DA:2010,0
DA:2011,0
DA:2012,0
DA:2013,0
DA:2014,0
DA:2015,0
DA:2016,0
DA:2018,0
DA:2019,0
DA:2021,0
DA:2032,0
DA:2033,0
DA:2034,0
DA:2036,0
DA:2037,0
DA:2038,0
DA:2041,0
DA:2042,0
DA:2043,0
DA:2044,0
DA:2045,0
DA:2046,0
DA:2047,0
DA:2048,0
DA:2057,0
DA:2059,0
DA:2060,0
DA:2061,0
DA:2062,0
DA:2063,0
DA:2066,0
DA:2067,0
DA:2068,0
DA:2069,0
DA:2070,0
DA:2072,0
DA:2074,0
DA:2075,0
DA:2076,0
DA:2077,0
DA:2078,0
DA:2079,0
DA:2080,0
DA:2081,0
DA:2082,0
DA:2083,0
DA:2084,0
DA:2086,0
DA:2087,0
DA:2088,0
DA:2089,0
DA:2090,0
DA:2091,0
DA:2092,0
DA:2093,0
DA:2094,0
DA:2095,0
DA:2096,0
DA:2101,0
DA:2102,0
DA:2103,0
DA:2104,0
DA:2106,0
DA:2107,0
DA:2108,0
DA:2109,0
DA:2112,0
DA:2113,0
DA:2117,0
DA:2118,0
DA:2119,0
DA:2120,0
DA:2121,0
DA:2125,0
DA:2127,0
DA:2128,0
DA:2129,0
DA:2130,0
DA:2132,0
DA:2135,0
DA:2136,0
DA:2137,0
DA:2138,0
DA:2140,0
DA:2143,0
DA:2147,0
DA:2151,0
DA:2152,0
DA:2153,0
DA:2154,0
DA:2155,0
DA:2156,0
DA:2159,0
DA:2160,0
DA:2161,0
DA:2162,0
DA:2164,0
DA:2167,0
DA:2168,0
DA:2169,0
DA:2170,0
DA:2171,0
DA:2174,0
DA:2175,0
DA:2176,0
DA:2178,0
DA:2180,0
DA:2188,0
DA:2189,0
DA:2190,0
DA:2191,0
DA:2201,0
DA:2202,0
DA:2204,0
DA:2205,0
DA:2217,0
DA:2218,0
DA:2220,0
DA:2221,0
DA:2233,0
DA:2234,0
DA:2236,0
DA:2237,0
DA:2240,0
DA:2244,0
DA:2250,0
DA:2269,0
DA:2273,0
DA:2313,1
LF:921
LH:13
BRDA:14,1,0,0
BRDA:14,1,1,1
BRDA:14,2,0,1
BRDA:14,2,1,0
BRDA:17,3,0,0
BRDA:17,3,1,1
BRDA:17,4,0,1
BRDA:17,4,1,0
BRDA:23,5,0,0
BRDA:23,5,1,0
BRDA:23,6,0,0
BRDA:23,6,1,0
BRDA:23,6,2,0
BRDA:126,7,0,0
BRDA:126,7,1,0
BRDA:132,8,0,0
BRDA:132,8,1,0
BRDA:144,9,0,0
BRDA:144,9,1,0
BRDA:150,10,0,0
BRDA:150,10,1,0
BRDA:150,11,0,0
BRDA:150,11,1,0
BRDA:200,12,0,0
BRDA:200,12,1,0
BRDA:358,13,0,0
BRDA:358,13,1,0
BRDA:391,14,0,0
BRDA:391,14,1,0
BRDA:400,15,0,0
BRDA:400,15,1,0
BRDA:404,16,0,0
BRDA:404,16,1,0
BRDA:410,17,0,0
BRDA:410,17,1,0
BRDA:412,18,0,0
BRDA:412,18,1,0
BRDA:418,19,0,0
BRDA:418,19,1,0
BRDA:420,20,0,0
BRDA:420,20,1,0
BRDA:422,21,0,0
BRDA:422,21,1,0
BRDA:424,22,0,0
BRDA:424,22,1,0
BRDA:424,23,0,0
BRDA:424,23,1,0
BRDA:424,23,2,0
BRDA:424,23,3,0
BRDA:441,24,0,0
BRDA:441,24,1,0
BRDA:445,25,0,0
BRDA:445,25,1,0
BRDA:446,26,0,0
BRDA:446,26,1,0
BRDA:451,27,0,0
BRDA:451,27,1,0
BRDA:452,28,0,0
BRDA:452,28,1,0
BRDA:452,29,0,0
BRDA:452,29,1,0
BRDA:452,29,2,0
BRDA:462,30,0,0
BRDA:462,30,1,0
BRDA:463,31,0,0
BRDA:463,31,1,0
BRDA:473,32,0,0
BRDA:473,32,1,0
BRDA:474,33,0,0
BRDA:474,33,1,0
BRDA:485,34,0,0
BRDA:485,34,1,0
BRDA:487,35,0,0
BRDA:487,35,1,0
BRDA:493,36,0,0
BRDA:493,36,1,0
BRDA:494,37,0,0
BRDA:494,37,1,0
BRDA:504,38,0,0
BRDA:504,38,1,0
BRDA:505,39,0,0
BRDA:505,39,1,0
BRDA:519,40,0,0
BRDA:519,40,1,0
BRDA:526,41,0,0
BRDA:526,41,1,0
BRDA:550,42,0,0
BRDA:550,42,1,0
BRDA:557,43,0,0
BRDA:557,43,1,0
BRDA:560,44,0,0
BRDA:560,44,1,0
BRDA:561,45,0,0
BRDA:561,45,1,0
BRDA:562,46,0,0
BRDA:562,46,1,0
BRDA:563,47,0,0
BRDA:563,47,1,0
BRDA:567,48,0,0
BRDA:567,48,1,0
BRDA:567,48,2,0
BRDA:569,49,0,0
BRDA:569,49,1,0
BRDA:569,50,0,0
BRDA:569,50,1,0
BRDA:572,51,0,0
BRDA:572,51,1,0
BRDA:572,51,2,0
BRDA:575,52,0,0
BRDA:575,52,1,0
BRDA:578,53,0,0
BRDA:578,53,1,0
BRDA:588,54,0,0
BRDA:588,54,1,0
BRDA:593,55,0,0
BRDA:593,55,1,0
BRDA:602,56,0,0
BRDA:602,56,1,0
BRDA:607,57,0,0
BRDA:607,57,1,0
BRDA:615,58,0,0
BRDA:615,58,1,0
BRDA:640,59,0,0
BRDA:640,59,1,0
BRDA:658,60,0,0
BRDA:658,60,1,0
BRDA:658,60,2,0
BRDA:658,60,3,0
BRDA:658,60,4,0
BRDA:658,60,5,0
BRDA:658,60,6,0
BRDA:658,60,7,0
BRDA:658,60,8,0
BRDA:658,60,9,0
BRDA:709,61,0,0
BRDA:709,61,1,0
BRDA:715,62,0,0
BRDA:715,62,1,0
BRDA:716,63,0,0
BRDA:716,63,1,0
BRDA:718,64,0,0
BRDA:718,64,1,0
BRDA:719,65,0,0
BRDA:719,65,1,0
BRDA:720,66,0,0
BRDA:720,66,1,0
BRDA:720,66,2,0
BRDA:721,67,0,0
BRDA:721,67,1,0
BRDA:721,67,2,0
BRDA:722,68,0,0
BRDA:722,68,1,0
BRDA:724,69,0,0
BRDA:724,69,1,0
BRDA:727,70,0,0
BRDA:727,70,1,0
BRDA:732,71,0,0
BRDA:732,71,1,0
BRDA:732,72,0,0
BRDA:732,72,1,0
BRDA:738,73,0,0
BRDA:738,73,1,0
BRDA:750,74,0,0
BRDA:750,74,1,0
BRDA:750,75,0,0
BRDA:750,75,1,0
BRDA:762,76,0,0
BRDA:762,76,1,0
BRDA:793,77,0,0
BRDA:793,77,1,0
BRDA:796,78,0,0
BRDA:796,78,1,0
BRDA:812,79,0,0
BRDA:812,79,1,0
BRDA:818,80,0,0
BRDA:818,80,1,0
BRDA:819,81,0,0
BRDA:819,81,1,0
BRDA:819,82,0,0
BRDA:819,82,1,0
BRDA:827,83,0,0
BRDA:827,83,1,0
BRDA:827,84,0,0
BRDA:827,84,1,0
BRDA:827,84,2,0
BRDA:827,84,3,0
BRDA:832,85,0,0
BRDA:832,85,1,0
BRDA:840,86,0,0
BRDA:840,86,1,0
BRDA:856,87,0,0
BRDA:856,87,1,0
BRDA:856,88,0,0
BRDA:856,88,1,0
BRDA:859,89,0,0
BRDA:859,89,1,0
BRDA:861,90,0,0
BRDA:861,90,1,0
BRDA:865,91,0,0
BRDA:865,91,1,0
BRDA:868,92,0,0
BRDA:868,92,1,0
BRDA:870,93,0,0
BRDA:870,93,1,0
BRDA:872,94,0,0
BRDA:872,94,1,0
BRDA:877,95,0,0
BRDA:877,95,1,0
BRDA:893,96,0,0
BRDA:893,96,1,0
BRDA:893,97,0,0
BRDA:893,97,1,0
BRDA:893,98,0,0
BRDA:893,98,1,0
BRDA:897,99,0,0
BRDA:897,99,1,0
BRDA:900,100,0,0
BRDA:900,100,1,0
BRDA:902,101,0,0
BRDA:902,101,1,0
BRDA:902,102,0,0
BRDA:902,102,1,0
BRDA:902,103,0,0
BRDA:902,103,1,0
BRDA:906,104,0,0
BRDA:906,104,1,0
BRDA:921,105,0,0
BRDA:921,105,1,0
BRDA:949,106,0,0
BRDA:949,106,1,0
BRDA:966,107,0,0
BRDA:966,107,1,0
BRDA:968,108,0,0
BRDA:968,108,1,0
BRDA:969,109,0,0
BRDA:969,109,1,0
BRDA:972,110,0,0
BRDA:972,110,1,0
BRDA:978,111,0,0
BRDA:978,111,1,0
BRDA:987,112,0,0
BRDA:987,112,1,0
BRDA:987,113,0,0
BRDA:987,113,1,0
BRDA:990,114,0,0
BRDA:990,114,1,0
BRDA:990,115,0,0
BRDA:990,115,1,0
BRDA:993,116,0,0
BRDA:993,116,1,0
BRDA:995,117,0,0
BRDA:995,117,1,0
BRDA:997,118,0,0
BRDA:997,118,1,0
BRDA:999,119,0,0
BRDA:999,119,1,0
BRDA:1001,120,0,0
BRDA:1001,120,1,0
BRDA:1004,121,0,0
BRDA:1004,121,1,0
BRDA:1006,122,0,0
BRDA:1006,122,1,0
BRDA:1016,123,0,0
BRDA:1016,123,1,0
BRDA:1025,124,0,0
BRDA:1025,124,1,0
BRDA:1026,125,0,0
BRDA:1026,125,1,0
BRDA:1028,126,0,0
BRDA:1028,126,1,0
BRDA:1028,127,0,0
BRDA:1028,127,1,0
BRDA:1028,127,2,0
BRDA:1030,128,0,0
BRDA:1030,128,1,0
BRDA:1030,129,0,0
BRDA:1030,129,1,0
BRDA:1030,129,2,0
BRDA:1033,130,0,0
BRDA:1033,130,1,0
BRDA:1034,131,0,0
BRDA:1034,131,1,0
BRDA:1037,132,0,0
BRDA:1037,132,1,0
BRDA:1037,133,0,0
BRDA:1037,133,1,0
BRDA:1040,134,0,0
BRDA:1040,134,1,0
BRDA:1040,135,0,0
BRDA:1040,135,1,0
BRDA:1040,135,2,0
BRDA:1053,136,0,0
BRDA:1053,136,1,0
BRDA:1065,137,0,0
BRDA:1065,137,1,0
BRDA:1076,138,0,0
BRDA:1076,138,1,0
BRDA:1083,139,0,0
BRDA:1083,139,1,0
BRDA:1100,140,0,0
BRDA:1100,140,1,0
BRDA:1103,141,0,0
BRDA:1103,141,1,0
BRDA:1103,142,0,0
BRDA:1103,142,1,0
BRDA:1103,142,2,0
BRDA:1103,142,3,0
BRDA:1121,143,0,0
BRDA:1121,143,1,0
BRDA:1128,144,0,0
BRDA:1128,144,1,0
BRDA:1144,145,0,0
BRDA:1144,145,1,0
BRDA:1150,146,0,0
BRDA:1150,146,1,0
BRDA:1163,147,0,0
BRDA:1163,147,1,0
BRDA:1174,148,0,0
BRDA:1174,148,1,0
BRDA:1182,149,0,0
BRDA:1182,149,1,0
BRDA:1190,150,0,0
BRDA:1190,150,1,0
BRDA:1191,151,0,0
BRDA:1191,151,1,0
BRDA:1192,152,0,0
BRDA:1192,152,1,0
BRDA:1194,153,0,0
BRDA:1194,153,1,0
BRDA:1196,154,0,0
BRDA:1196,154,1,0
BRDA:1201,155,0,0
BRDA:1201,155,1,0
BRDA:1203,156,0,0
BRDA:1203,156,1,0
BRDA:1215,157,0,0
BRDA:1215,157,1,0
BRDA:1226,158,0,0
BRDA:1226,158,1,0
BRDA:1239,159,0,0
BRDA:1239,159,1,0
BRDA:1240,160,0,0
BRDA:1240,160,1,0
BRDA:1242,161,0,0
BRDA:1242,161,1,0
BRDA:1247,162,0,0
BRDA:1247,162,1,0
BRDA:1250,163,0,0
BRDA:1250,163,1,0
BRDA:1251,164,0,0
BRDA:1251,164,1,0
BRDA:1260,165,0,0
BRDA:1260,165,1,0
BRDA:1270,166,0,0
BRDA:1270,166,1,0
BRDA:1283,167,0,0
BRDA:1283,167,1,0
BRDA:1293,168,0,0
BRDA:1293,168,1,0
BRDA:1314,169,0,0
BRDA:1314,169,1,0
BRDA:1320,170,0,0
BRDA:1320,170,1,0
BRDA:1324,171,0,0
BRDA:1324,171,1,0
BRDA:1324,172,0,0
BRDA:1324,172,1,0
BRDA:1327,173,0,0
BRDA:1327,173,1,0
BRDA:1331,174,0,0
BRDA:1331,174,1,0
BRDA:1350,175,0,0
BRDA:1350,175,1,0
BRDA:1362,176,0,0
BRDA:1362,176,1,0
BRDA:1362,177,0,0
BRDA:1362,177,1,0
BRDA:1376,178,0,0
BRDA:1376,178,1,0
BRDA:1402,179,0,0
BRDA:1402,179,1,0
BRDA:1434,180,0,0
BRDA:1434,180,1,0
BRDA:1474,181,0,0
BRDA:1474,181,1,0
BRDA:1476,182,0,0
BRDA:1476,182,1,0
BRDA:1480,183,0,0
BRDA:1480,183,1,0
BRDA:1481,184,0,0
BRDA:1481,184,1,0
BRDA:1507,185,0,0
BRDA:1507,185,1,0
BRDA:1510,186,0,0
BRDA:1510,186,1,0
BRDA:1512,187,0,0
BRDA:1512,187,1,0
BRDA:1514,188,0,0
BRDA:1514,188,1,0
BRDA:1538,189,0,0
BRDA:1538,189,1,0
BRDA:1539,190,0,0
BRDA:1539,190,1,0
BRDA:1543,191,0,0
BRDA:1543,191,1,0
BRDA:1555,192,0,0
BRDA:1555,192,1,0
BRDA:1575,193,0,0
BRDA:1575,193,1,0
BRDA:1575,194,0,0
BRDA:1575,194,1,0
BRDA:1575,194,2,0
BRDA:1593,195,0,0
BRDA:1593,195,1,0
BRDA:1599,196,0,0
BRDA:1599,196,1,0
BRDA:1601,197,0,0
BRDA:1601,197,1,0
BRDA:1603,198,0,0
BRDA:1603,198,1,0
BRDA:1605,199,0,0
BRDA:1605,199,1,0
BRDA:1608,200,0,0
BRDA:1608,200,1,0
BRDA:1629,201,0,0
BRDA:1629,201,1,0
BRDA:1639,202,0,0
BRDA:1639,202,1,0
BRDA:1644,203,0,0
BRDA:1644,203,1,0
BRDA:1649,204,0,0
BRDA:1649,204,1,0
BRDA:1652,205,0,0
BRDA:1652,205,1,0
BRDA:1660,206,0,0
BRDA:1660,206,1,0
BRDA:1664,207,0,0
BRDA:1664,207,1,0
BRDA:1669,208,0,0
BRDA:1669,208,1,0
BRDA:1672,209,0,0
BRDA:1672,209,1,0
BRDA:1680,210,0,0
BRDA:1680,210,1,0
BRDA:1682,211,0,0
BRDA:1682,211,1,0
BRDA:1720,212,0,0
BRDA:1720,212,1,0
BRDA:1724,213,0,0
BRDA:1724,213,1,0
BRDA:1729,214,0,0
BRDA:1729,214,1,0
BRDA:1732,215,0,0
BRDA:1732,215,1,0
BRDA:1751,216,0,0
BRDA:1751,216,1,0
BRDA:1752,217,0,0
BRDA:1752,217,1,0
BRDA:1754,218,0,0
BRDA:1754,218,1,0
BRDA:1756,219,0,0
BRDA:1756,219,1,0
BRDA:1760,220,0,0
BRDA:1760,220,1,0
BRDA:1760,221,0,0
BRDA:1760,221,1,0
BRDA:1778,222,0,0
BRDA:1778,222,1,0
BRDA:1845,223,0,0
BRDA:1845,223,1,0
BRDA:1849,224,0,0
BRDA:1849,224,1,0
BRDA:1859,225,0,0
BRDA:1859,225,1,0
BRDA:1873,226,0,0
BRDA:1873,226,1,0
BRDA:1873,227,0,0
BRDA:1873,227,1,0
BRDA:1876,228,0,0
BRDA:1876,228,1,0
BRDA:1884,229,0,0
BRDA:1884,229,1,0
BRDA:1890,230,0,0
BRDA:1890,230,1,0
BRDA:1893,231,0,0
BRDA:1893,231,1,0
BRDA:1900,232,0,0
BRDA:1900,232,1,0
BRDA:1926,233,0,0
BRDA:1926,233,1,0
BRDA:1927,234,0,0
BRDA:1927,234,1,0
BRDA:1949,235,0,0
BRDA:1949,235,1,0
BRDA:1950,236,0,0
BRDA:1950,236,1,0
BRDA:1951,237,0,0
BRDA:1951,237,1,0
BRDA:1952,238,0,0
BRDA:1952,238,1,0
BRDA:1954,239,0,0
BRDA:1954,239,1,0
BRDA:1957,240,0,0
BRDA:1957,240,1,0
BRDA:1960,241,0,0
BRDA:1960,241,1,0
BRDA:1961,242,0,0
BRDA:1961,242,1,0
BRDA:1962,243,0,0
BRDA:1962,243,1,0
BRDA:1964,244,0,0
BRDA:1964,244,1,0
BRDA:1967,245,0,0
BRDA:1967,245,1,0
BRDA:1993,246,0,0
BRDA:1993,246,1,0
BRDA:2007,247,0,0
BRDA:2007,247,1,0
BRDA:2008,248,0,0
BRDA:2008,248,1,0
BRDA:2012,249,0,0
BRDA:2012,249,1,0
BRDA:2013,250,0,0
BRDA:2013,250,1,0
BRDA:2032,251,0,0
BRDA:2032,251,1,0
BRDA:2032,252,0,0
BRDA:2032,252,1,0
BRDA:2036,253,0,0
BRDA:2036,253,1,0
BRDA:2036,254,0,0
BRDA:2036,254,1,0
BRDA:2044,255,0,0
BRDA:2044,255,1,0
BRDA:2060,256,0,0
BRDA:2060,256,1,0
BRDA:2061,257,0,0
BRDA:2061,257,1,0
BRDA:2066,258,0,0
BRDA:2066,258,1,0
BRDA:2067,259,0,0
BRDA:2067,259,1,0
BRDA:2067,260,0,0
BRDA:2067,260,1,0
BRDA:2069,261,0,0
BRDA:2069,261,1,0
BRDA:2069,262,0,0
BRDA:2069,262,1,0
BRDA:2074,263,0,0
BRDA:2074,263,1,0
BRDA:2074,264,0,0
BRDA:2074,264,1,0
BRDA:2082,265,0,0
BRDA:2082,265,1,0
BRDA:2086,266,0,0
BRDA:2086,266,1,0
BRDA:2086,267,0,0
BRDA:2086,267,1,0
BRDA:2094,268,0,0
BRDA:2094,268,1,0
BRDA:2101,269,0,0
BRDA:2101,269,1,0
BRDA:2103,270,0,0
BRDA:2103,270,1,0
BRDA:2112,271,0,0
BRDA:2112,271,1,0
BRDA:2117,272,0,0
BRDA:2117,272,1,0
BRDA:2117,273,0,0
BRDA:2117,273,1,0
BRDA:2119,274,0,0
BRDA:2119,274,1,0
BRDA:2119,275,0,0
BRDA:2119,275,1,0
BRDA:2125,276,0,0
BRDA:2125,276,1,0
BRDA:2127,277,0,0
BRDA:2127,277,1,0
BRDA:2128,278,0,0
BRDA:2128,278,1,0
BRDA:2129,279,0,0
BRDA:2129,279,1,0
BRDA:2135,280,0,0
BRDA:2135,280,1,0
BRDA:2136,281,0,0
BRDA:2136,281,1,0
BRDA:2137,282,0,0
BRDA:2137,282,1,0
BRDA:2147,283,0,0
BRDA:2147,283,1,0
BRDA:2148,284,0,0
BRDA:2148,284,1,0
BRDA:2151,285,0,0
BRDA:2151,285,1,0
BRDA:2152,286,0,0
BRDA:2152,286,1,0
BRDA:2167,287,0,0
BRDA:2167,287,1,0
BRDA:2167,288,0,0
BRDA:2167,288,1,0
BRDA:2168,289,0,0
BRDA:2168,289,1,0
BRDA:2201,290,0,0
BRDA:2201,290,1,0
BRDA:2203,291,0,0
BRDA:2203,291,1,0
BRDA:2217,292,0,0
BRDA:2217,292,1,0
BRDA:2219,293,0,0
BRDA:2219,293,1,0
BRDA:2233,294,0,0
BRDA:2233,294,1,0
BRDA:2235,295,0,0
BRDA:2235,295,1,0
BRDA:2269,296,0,0
BRDA:2269,296,1,0
BRF:616
BRH:15
end_of_record
